生成启动时间为 2016/7/4 18:11:43。
     1>项目“D:\visual studio 2015\Projects\monday\monday.vcxproj”在节点 2 上(Build 个目标)。
     1>ClCompile:
         C:\Program Files (x86)\Microsoft Visual Studio 14.0\VC\bin\CL.exe /c /Zi /nologo /W3 /WX- /O2 /Oi /Oy- /GL /D WIN32 /D NDEBUG /D _CONSOLE /D _UNICODE /D UNICODE /Gm- /EHsc /MD /GS /Gy /fp:precise /Zc:wchar_t /Zc:forScope /Zc:inline /Fo"Release\\" /Fd"Release\vc140.pdb" /Gd /TP /analyze- /errorReport:prompt dis32.cpp main.cpp opcode.cpp
         dis32.cpp
         main.cpp
         opcode.cpp
       Link:
         C:\Program Files (x86)\Microsoft Visual Studio 14.0\VC\bin\link.exe /ERRORREPORT:PROMPT /OUT:"D:\visual studio 2015\Projects\monday\Release\monday.exe" /INCREMENTAL:NO /NOLOGO kernel32.lib user32.lib gdi32.lib winspool.lib comdlg32.lib advapi32.lib shell32.lib ole32.lib oleaut32.lib uuid.lib odbc32.lib odbccp32.lib /MANIFEST /MANIFESTUAC:"level='asInvoker' uiAccess='false'" /manifest:embed /Debug /PDB:"D:\visual studio 2015\Projects\monday\Release\monday.pdb" /SUBSYSTEM:CONSOLE /OPT:REF /OPT:ICF /LTCG:incremental /TLBID:1 /DYNAMICBASE /NXCOMPAT /IMPLIB:"D:\visual studio 2015\Projects\monday\Release\monday.lib" /MACHINE:X86 /SAFESEH Release\dis32.obj
         Release\hex.obj
         Release\imm32.obj
         Release\imm8.obj
         Release\main.obj
         Release\modrm.obj
         Release\opcode.obj
         Release\r32.obj
         Release\r8.obj
         Release\sib32.obj
         正在生成代码
         4 of 17 functions (23.5%) were compiled, the rest were copied from previous compilation.
           0 functions were new in current compilation
           3 functions had inline decision re-evaluated but remain unchanged
         已完成代码的生成
         monday.vcxproj -> D:\visual studio 2015\Projects\monday\Release\monday.exe
     1>已完成生成项目“D:\visual studio 2015\Projects\monday\monday.vcxproj”(Build 个目标)的操作。

已成功生成。

已用时间 00:00:00.51
